Build started 8/11/2015 3:23:16 PM.
     1>Project "C:\Users\Mike\documents\visual studio 2013\Projects\Barkley\liborbis\liborbis.vcxproj" on node 2 (Build target(s)).
     1>C:\Program Files (x86)\MSBuild\Microsoft.Cpp\v4.0\V120\Microsoft.CppBuild.targets(364,5): warning MSB8004: Output Directory does not end with a trailing slash.  This build instance will add the slash as it is required to allow proper evaluation of the Output Directory.
     1>ClCompile:
         C:\Program Files (x86)\Microsoft Visual Studio 12.0\VC\bin\CL.exe /c /Zi /nologo /W0 /WX- /sdl- /O2 /Ob2 /Oi /Oy- /GL /D _CRT_SECURE_NO_WARNINGS /D _USE_MATH_DEFINES /D _MBCS /Gm- /EHsc /MD /GS /Gy /arch:SSE2 /fp:precise /Zc:wchar_t /Zc:forScope /Fo"C:\Users\Mike\documents\visual studio 2013\Projects\Barkley\Dependencies\libvorbis\bin\intermediates\\" /Fd"C:\Users\Mike\documents\visual studio 2013\Projects\Barkley\Dependencies\libvorbis\bin\intermediates\vc120.pdb" /Gd /TC /analyze- /errorReport:prompt ..\Dependencies\libvorbis\lib\codebook.c
         codebook.c
       Lib:
         C:\Program Files (x86)\Microsoft Visual Studio 12.0\VC\bin\Lib.exe /OUT:"C:\Users\Mike\documents\visual studio 2013\Projects\Barkley\Dependencies\libvorbis\bin\liborbis.lib" /NOLOGO /LTCG "C:\Users\Mike\documents\visual studio 2013\Projects\Barkley\Dependencies\libvorbis\bin\intermediates\analysis.obj"
         "C:\Users\Mike\documents\visual studio 2013\Projects\Barkley\Dependencies\libvorbis\bin\intermediates\bitrate.obj"
         "C:\Users\Mike\documents\visual studio 2013\Projects\Barkley\Dependencies\libvorbis\bin\intermediates\block.obj"
         "C:\Users\Mike\documents\visual studio 2013\Projects\Barkley\Dependencies\libvorbis\bin\intermediates\codebook.obj"
         "C:\Users\Mike\documents\visual studio 2013\Projects\Barkley\Dependencies\libvorbis\bin\intermediates\envelope.obj"
         "C:\Users\Mike\documents\visual studio 2013\Projects\Barkley\Dependencies\libvorbis\bin\intermediates\floor0.obj"
         "C:\Users\Mike\documents\visual studio 2013\Projects\Barkley\Dependencies\libvorbis\bin\intermediates\floor1.obj"
         "C:\Users\Mike\documents\visual studio 2013\Projects\Barkley\Dependencies\libvorbis\bin\intermediates\info.obj"
         "C:\Users\Mike\documents\visual studio 2013\Projects\Barkley\Dependencies\libvorbis\bin\intermediates\lookup.obj"
         "C:\Users\Mike\documents\visual studio 2013\Projects\Barkley\Dependencies\libvorbis\bin\intermediates\lpc.obj"
         "C:\Users\Mike\documents\visual studio 2013\Projects\Barkley\Dependencies\libvorbis\bin\intermediates\lsp.obj"
         "C:\Users\Mike\documents\visual studio 2013\Projects\Barkley\Dependencies\libvorbis\bin\intermediates\mapping0.obj"
         "C:\Users\Mike\documents\visual studio 2013\Projects\Barkley\Dependencies\libvorbis\bin\intermediates\mdct.obj"
         "C:\Users\Mike\documents\visual studio 2013\Projects\Barkley\Dependencies\libvorbis\bin\intermediates\psy.obj"
         "C:\Users\Mike\documents\visual studio 2013\Projects\Barkley\Dependencies\libvorbis\bin\intermediates\registry.obj"
         "C:\Users\Mike\documents\visual studio 2013\Projects\Barkley\Dependencies\libvorbis\bin\intermediates\res0.obj"
         "C:\Users\Mike\documents\visual studio 2013\Projects\Barkley\Dependencies\libvorbis\bin\intermediates\sharedbook.obj"
         "C:\Users\Mike\documents\visual studio 2013\Projects\Barkley\Dependencies\libvorbis\bin\intermediates\smallft.obj"
         "C:\Users\Mike\documents\visual studio 2013\Projects\Barkley\Dependencies\libvorbis\bin\intermediates\synthesis.obj"
         "C:\Users\Mike\documents\visual studio 2013\Projects\Barkley\Dependencies\libvorbis\bin\intermediates\tone.obj"
         "C:\Users\Mike\documents\visual studio 2013\Projects\Barkley\Dependencies\libvorbis\bin\intermediates\vorbisenc.obj"
         "C:\Users\Mike\documents\visual studio 2013\Projects\Barkley\Dependencies\libvorbis\bin\intermediates\vorbisfile.obj"
         "C:\Users\Mike\documents\visual studio 2013\Projects\Barkley\Dependencies\libvorbis\bin\intermediates\window.obj"
         liborbis.vcxproj -> C:\Users\Mike\documents\visual studio 2013\Projects\Barkley\Dependencies\libvorbis\bin\liborbis.lib
     1>Done Building Project "C:\Users\Mike\documents\visual studio 2013\Projects\Barkley\liborbis\liborbis.vcxproj" (Build target(s)).

Build succeeded.

Time Elapsed 00:00:01.47
