Build started 8/11/2015 2:19:42 PM.
     1>Project "C:\Users\Mike\documents\visual studio 2013\Projects\Barkley\liborbis\liborbis.vcxproj" on node 2 (Build target(s)).
     1>C:\Program Files (x86)\MSBuild\Microsoft.Cpp\v4.0\V120\Microsoft.CppBuild.targets(364,5): warning MSB8004: Output Directory does not end with a trailing slash.  This build instance will add the slash as it is required to allow proper evaluation of the Output Directory.
     1>ClCompile:
         C:\Program Files (x86)\Microsoft Visual Studio 12.0\VC\bin\CL.exe /c /Zi /nologo /W0 /WX- /sdl- /O2 /Ob2 /Oi /Oy- /GL /D _CRT_SECURE_NO_WARNINGS /D _USE_MATH_DEFINES /D _MBCS /Gm- /EHsc /MD /GS /Gy /arch:SSE2 /fp:precise /Zc:wchar_t /Zc:forScope /Fo"C:\Users\Mike\documents\visual studio 2013\Projects\Barkley\Dependencies\libvorbis\lib\intermediates\\" /Fd"C:\Users\Mike\documents\visual studio 2013\Projects\Barkley\Dependencies\libvorbis\lib\intermediates\vc120.pdb" /Gd /TC /analyze- /errorReport:prompt ..\Dependencies\libvorbis\lib\analysis.c ..\Dependencies\libvorbis\lib\bitrate.c ..\Dependencies\libvorbis\lib\block.c ..\Dependencies\libvorbis\lib\envelope.c ..\Dependencies\libvorbis\lib\floor0.c ..\Dependencies\libvorbis\lib\floor1.c ..\Dependencies\libvorbis\lib\info.c ..\Dependencies\libvorbis\lib\lookup.c ..\Dependencies\libvorbis\lib\lpc.c ..\Dependencies\libvorbis\lib\lsp.c ..\Dependencies\libvorbis\lib\mapping0.c ..\Dependencies\libvorbis\lib\mdct.c ..\Dependencies\libvorbis\lib\psy.c ..\Dependencies\libvorbis\lib\registry.c ..\Dependencies\libvorbis\lib\res0.c ..\Dependencies\libvorbis\lib\sharedbook.c ..\Dependencies\libvorbis\lib\smallft.c ..\Dependencies\libvorbis\lib\synthesis.c ..\Dependencies\libvorbis\lib\tone.c ..\Dependencies\libvorbis\lib\vorbisenc.c ..\Dependencies\libvorbis\lib\vorbisfile.c ..\Dependencies\libvorbis\lib\window.c
         analysis.c
         bitrate.c
         block.c
         envelope.c
         floor0.c
         floor1.c
         info.c
         lookup.c
         lpc.c
         lsp.c
         mapping0.c
         mdct.c
         psy.c
         registry.c
         res0.c
         sharedbook.c
         smallft.c
         synthesis.c
         tone.c
         vorbisenc.c
         Compiling...
         vorbisfile.c
         window.c
       Lib:
         C:\Program Files (x86)\Microsoft Visual Studio 12.0\VC\bin\Lib.exe /OUT:"C:\Users\Mike\documents\visual studio 2013\Projects\Barkley\Dependencies\libvorbis\lib\liborbis.lib" /NOLOGO /LTCG "C:\Users\Mike\documents\visual studio 2013\Projects\Barkley\Dependencies\libvorbis\lib\intermediates\analysis.obj"
         "C:\Users\Mike\documents\visual studio 2013\Projects\Barkley\Dependencies\libvorbis\lib\intermediates\bitrate.obj"
         "C:\Users\Mike\documents\visual studio 2013\Projects\Barkley\Dependencies\libvorbis\lib\intermediates\block.obj"
         "C:\Users\Mike\documents\visual studio 2013\Projects\Barkley\Dependencies\libvorbis\lib\intermediates\envelope.obj"
         "C:\Users\Mike\documents\visual studio 2013\Projects\Barkley\Dependencies\libvorbis\lib\intermediates\floor0.obj"
         "C:\Users\Mike\documents\visual studio 2013\Projects\Barkley\Dependencies\libvorbis\lib\intermediates\floor1.obj"
         "C:\Users\Mike\documents\visual studio 2013\Projects\Barkley\Dependencies\libvorbis\lib\intermediates\info.obj"
         "C:\Users\Mike\documents\visual studio 2013\Projects\Barkley\Dependencies\libvorbis\lib\intermediates\lookup.obj"
         "C:\Users\Mike\documents\visual studio 2013\Projects\Barkley\Dependencies\libvorbis\lib\intermediates\lpc.obj"
         "C:\Users\Mike\documents\visual studio 2013\Projects\Barkley\Dependencies\libvorbis\lib\intermediates\lsp.obj"
         "C:\Users\Mike\documents\visual studio 2013\Projects\Barkley\Dependencies\libvorbis\lib\intermediates\mapping0.obj"
         "C:\Users\Mike\documents\visual studio 2013\Projects\Barkley\Dependencies\libvorbis\lib\intermediates\mdct.obj"
         "C:\Users\Mike\documents\visual studio 2013\Projects\Barkley\Dependencies\libvorbis\lib\intermediates\psy.obj"
         "C:\Users\Mike\documents\visual studio 2013\Projects\Barkley\Dependencies\libvorbis\lib\intermediates\registry.obj"
         "C:\Users\Mike\documents\visual studio 2013\Projects\Barkley\Dependencies\libvorbis\lib\intermediates\res0.obj"
         "C:\Users\Mike\documents\visual studio 2013\Projects\Barkley\Dependencies\libvorbis\lib\intermediates\sharedbook.obj"
         "C:\Users\Mike\documents\visual studio 2013\Projects\Barkley\Dependencies\libvorbis\lib\intermediates\smallft.obj"
         "C:\Users\Mike\documents\visual studio 2013\Projects\Barkley\Dependencies\libvorbis\lib\intermediates\synthesis.obj"
         "C:\Users\Mike\documents\visual studio 2013\Projects\Barkley\Dependencies\libvorbis\lib\intermediates\tone.obj"
         "C:\Users\Mike\documents\visual studio 2013\Projects\Barkley\Dependencies\libvorbis\lib\intermediates\vorbisenc.obj"
         "C:\Users\Mike\documents\visual studio 2013\Projects\Barkley\Dependencies\libvorbis\lib\intermediates\vorbisfile.obj"
         "C:\Users\Mike\documents\visual studio 2013\Projects\Barkley\Dependencies\libvorbis\lib\intermediates\window.obj"
         liborbis.vcxproj -> C:\Users\Mike\documents\visual studio 2013\Projects\Barkley\Dependencies\libvorbis\lib\liborbis.lib
     1>Done Building Project "C:\Users\Mike\documents\visual studio 2013\Projects\Barkley\liborbis\liborbis.vcxproj" (Build target(s)).

Build succeeded.

Time Elapsed 00:00:04.92
