c:\users\mike\documents\visual studio 2013\projects\barkley\liborbis\release\vc120.pdb
c:\users\mike\documents\visual studio 2013\projects\barkley\liborbis\release\smallft.obj
c:\users\mike\documents\visual studio 2013\projects\barkley\liborbis\release\sharedbook.obj
c:\users\mike\documents\visual studio 2013\projects\barkley\liborbis\release\res0.obj
c:\users\mike\documents\visual studio 2013\projects\barkley\liborbis\release\registry.obj
c:\users\mike\documents\visual studio 2013\projects\barkley\liborbis\release\psy.obj
c:\users\mike\documents\visual studio 2013\projects\barkley\liborbis\release\mdct.obj
c:\users\mike\documents\visual studio 2013\projects\barkley\liborbis\release\mapping0.obj
c:\users\mike\documents\visual studio 2013\projects\barkley\liborbis\release\lsp.obj
c:\users\mike\documents\visual studio 2013\projects\barkley\liborbis\release\lpc.obj
c:\users\mike\documents\visual studio 2013\projects\barkley\liborbis\release\lookup.obj
c:\users\mike\documents\visual studio 2013\projects\barkley\liborbis\release\info.obj
c:\users\mike\documents\visual studio 2013\projects\barkley\liborbis\release\floor1.obj
c:\users\mike\documents\visual studio 2013\projects\barkley\liborbis\release\floor0.obj
c:\users\mike\documents\visual studio 2013\projects\barkley\liborbis\release\envelope.obj
c:\users\mike\documents\visual studio 2013\projects\barkley\liborbis\release\codebook.obj
c:\users\mike\documents\visual studio 2013\projects\barkley\liborbis\release\block.obj
c:\users\mike\documents\visual studio 2013\projects\barkley\liborbis\release\bitrate.obj
c:\users\mike\documents\visual studio 2013\projects\barkley\liborbis\release\barkmel.obj
c:\users\mike\documents\visual studio 2013\projects\barkley\liborbis\release\analysis.obj
c:\users\mike\documents\visual studio 2013\projects\barkley\liborbis\release\window.obj
c:\users\mike\documents\visual studio 2013\projects\barkley\liborbis\release\vorbisfile.obj
c:\users\mike\documents\visual studio 2013\projects\barkley\liborbis\release\vorbisenc.obj
c:\users\mike\documents\visual studio 2013\projects\barkley\liborbis\release\synthesis.obj
c:\users\mike\documents\visual studio 2013\projects\barkley\liborbis\release\liborbis.tlog\cl.command.1.tlog
c:\users\mike\documents\visual studio 2013\projects\barkley\liborbis\release\liborbis.tlog\cl.read.1.tlog
c:\users\mike\documents\visual studio 2013\projects\barkley\liborbis\release\liborbis.tlog\cl.write.1.tlog
