Build started 8/11/2015 2:16:12 PM.
     1>Project "C:\Users\Mike\documents\visual studio 2013\Projects\Barkley\liborbis\liborbis.vcxproj" on node 2 (Build target(s)).
     1>ClCompile:
         C:\Program Files (x86)\Microsoft Visual Studio 12.0\VC\bin\CL.exe /c /Zi /nologo /W0 /WX- /sdl- /O2 /Oi /Oy- /GL /D _CRT_SECURE_NO_WARNINGS /D _USE_MATH_DEFINES /D _MBCS /Gm- /EHsc /MD /GS /Gy /fp:precise /Zc:wchar_t /Zc:forScope /Fo"Release\\" /Fd"Release\vc120.pdb" /Gd /TC /analyze- /errorReport:prompt ..\Dependencies\libvorbis\lib\analysis.c ..\Dependencies\libvorbis\lib\bitrate.c ..\Dependencies\libvorbis\lib\block.c ..\Dependencies\libvorbis\lib\envelope.c ..\Dependencies\libvorbis\lib\floor0.c ..\Dependencies\libvorbis\lib\floor1.c ..\Dependencies\libvorbis\lib\info.c ..\Dependencies\libvorbis\lib\lookup.c ..\Dependencies\libvorbis\lib\lpc.c ..\Dependencies\libvorbis\lib\lsp.c ..\Dependencies\libvorbis\lib\mapping0.c ..\Dependencies\libvorbis\lib\mdct.c ..\Dependencies\libvorbis\lib\psy.c ..\Dependencies\libvorbis\lib\registry.c ..\Dependencies\libvorbis\lib\res0.c ..\Dependencies\libvorbis\lib\sharedbook.c ..\Dependencies\libvorbis\lib\smallft.c ..\Dependencies\libvorbis\lib\synthesis.c ..\Dependencies\libvorbis\lib\tone.c ..\Dependencies\libvorbis\lib\vorbisenc.c ..\Dependencies\libvorbis\lib\vorbisfile.c ..\Dependencies\libvorbis\lib\window.c
         analysis.c
         bitrate.c
         block.c
         envelope.c
         floor0.c
         floor1.c
         info.c
         lookup.c
         lpc.c
         lsp.c
         mapping0.c
         mdct.c
         psy.c
         registry.c
         res0.c
         sharedbook.c
         smallft.c
         synthesis.c
         tone.c
         vorbisenc.c
         Compiling...
         vorbisfile.c
         window.c
       Lib:
         C:\Program Files (x86)\Microsoft Visual Studio 12.0\VC\bin\Lib.exe /OUT:"C:\Users\Mike\documents\visual studio 2013\Projects\Barkley\Release\liborbis.lib" /NOLOGO /LTCG Release\analysis.obj
         Release\bitrate.obj
         Release\block.obj
         Release\envelope.obj
         Release\floor0.obj
         Release\floor1.obj
         Release\info.obj
         Release\lookup.obj
         Release\lpc.obj
         Release\lsp.obj
         Release\mapping0.obj
         Release\mdct.obj
         Release\psy.obj
         Release\registry.obj
         Release\res0.obj
         Release\sharedbook.obj
         Release\smallft.obj
         Release\synthesis.obj
         Release\tone.obj
         Release\vorbisenc.obj
         Release\vorbisfile.obj
         Release\window.obj
         liborbis.vcxproj -> C:\Users\Mike\documents\visual studio 2013\Projects\Barkley\Release\liborbis.lib
     1>Done Building Project "C:\Users\Mike\documents\visual studio 2013\Projects\Barkley\liborbis\liborbis.vcxproj" (Build target(s)).

Build succeeded.

Time Elapsed 00:00:02.69
