c:\users\mike\documents\visual studio 2013\projects\barkley\bin\release\intermediates\vc120.pdb
c:\users\mike\documents\visual studio 2013\projects\barkley\bin\release\intermediates\batchrenderer2d.obj
c:\users\mike\documents\visual studio 2013\projects\barkley\bin\release\intermediates\main.obj
c:\users\mike\documents\visual studio 2013\projects\barkley\bin\release\intermediates\static_sprite.obj
c:\users\mike\documents\visual studio 2013\projects\barkley\bin\release\intermediates\sprite.obj
c:\users\mike\documents\visual studio 2013\projects\barkley\bin\release\intermediates\simple2drenderer.obj
c:\users\mike\documents\visual studio 2013\projects\barkley\bin\release\intermediates\vec4.obj
c:\users\mike\documents\visual studio 2013\projects\barkley\bin\release\intermediates\vec3.obj
c:\users\mike\documents\visual studio 2013\projects\barkley\bin\release\intermediates\vec2.obj
c:\users\mike\documents\visual studio 2013\projects\barkley\bin\release\intermediates\mat4.obj
c:\users\mike\documents\visual studio 2013\projects\barkley\bin\release\intermediates\window.obj
c:\users\mike\documents\visual studio 2013\projects\barkley\bin\release\intermediates\shader.obj
c:\users\mike\documents\visual studio 2013\projects\barkley\bin\release\intermediates\vertexarray.obj
c:\users\mike\documents\visual studio 2013\projects\barkley\bin\release\intermediates\indexbuffer.obj
c:\users\mike\documents\visual studio 2013\projects\barkley\bin\release\intermediates\buffer.obj
c:\users\mike\documents\visual studio 2013\projects\barkley\bin\release\intermediates\tilelayer.obj
c:\users\mike\documents\visual studio 2013\projects\barkley\bin\release\intermediates\layer.obj
c:\users\mike\documents\visual studio 2013\projects\barkley\bin\release\intermediates\texture.obj
c:\users\mike\documents\visual studio 2013\projects\barkley\bin\release\intermediates\group.obj
c:\users\mike\documents\visual studio 2013\projects\barkley\bin\release\intermediates\ftstroke.obj
c:\users\mike\documents\visual studio 2013\projects\barkley\bin\release\intermediates\ftpfr.obj
c:\users\mike\documents\visual studio 2013\projects\barkley\bin\release\intermediates\ftpatent.obj
c:\users\mike\documents\visual studio 2013\projects\barkley\bin\release\intermediates\ftotval.obj
c:\users\mike\documents\visual studio 2013\projects\barkley\bin\release\intermediates\ftmm.obj
c:\users\mike\documents\visual studio 2013\projects\barkley\bin\release\intermediates\ftlcdfil.obj
c:\users\mike\documents\visual studio 2013\projects\barkley\bin\release\intermediates\ftinit.obj
c:\users\mike\documents\visual studio 2013\projects\barkley\bin\release\intermediates\ftgxval.obj
c:\users\mike\documents\visual studio 2013\projects\barkley\bin\release\intermediates\ftglyph.obj
c:\users\mike\documents\visual studio 2013\projects\barkley\bin\release\intermediates\ftgasp.obj
c:\users\mike\documents\visual studio 2013\projects\barkley\bin\release\intermediates\ftfstype.obj
c:\users\mike\documents\visual studio 2013\projects\barkley\bin\release\intermediates\ftbitmap.obj
c:\users\mike\documents\visual studio 2013\projects\barkley\bin\release\intermediates\ftbbox.obj
c:\users\mike\documents\visual studio 2013\projects\barkley\bin\release\intermediates\ftbase.obj
c:\users\mike\documents\visual studio 2013\projects\barkley\bin\release\intermediates\autofit.obj
c:\users\mike\documents\visual studio 2013\projects\barkley\bin\release\intermediates\ftdebug.obj
c:\users\mike\documents\visual studio 2013\projects\barkley\bin\release\intermediates\vector.obj
c:\users\mike\documents\visual studio 2013\projects\barkley\bin\release\intermediates\texture-font.obj
c:\users\mike\documents\visual studio 2013\projects\barkley\bin\release\intermediates\texture-atlas.obj
c:\users\mike\documents\visual studio 2013\projects\barkley\bin\release\intermediates\platform.obj
c:\users\mike\documents\visual studio 2013\projects\barkley\bin\release\intermediates\truetype.obj
c:\users\mike\documents\visual studio 2013\projects\barkley\bin\release\intermediates\smooth.obj
c:\users\mike\documents\visual studio 2013\projects\barkley\bin\release\intermediates\sfnt.obj
c:\users\mike\documents\visual studio 2013\projects\barkley\bin\release\intermediates\raster.obj
c:\users\mike\documents\visual studio 2013\projects\barkley\bin\release\intermediates\psmodule.obj
c:\users\mike\documents\visual studio 2013\projects\barkley\bin\release\intermediates\pshinter.obj
c:\users\mike\documents\visual studio 2013\projects\barkley\bin\release\intermediates\psaux.obj
c:\users\mike\documents\visual studio 2013\projects\barkley\bin\release\intermediates\pfr.obj
c:\users\mike\documents\visual studio 2013\projects\barkley\bin\release\intermediates\pcf.obj
c:\users\mike\documents\visual studio 2013\projects\barkley\bin\release\intermediates\ftlzw.obj
c:\users\mike\documents\visual studio 2013\projects\barkley\bin\release\intermediates\ftgzip.obj
c:\users\mike\documents\visual studio 2013\projects\barkley\bin\release\intermediates\type1cid.obj
c:\users\mike\documents\visual studio 2013\projects\barkley\bin\release\intermediates\cff.obj
c:\users\mike\documents\visual studio 2013\projects\barkley\bin\release\intermediates\ftcache.obj
c:\users\mike\documents\visual studio 2013\projects\barkley\bin\release\intermediates\bdf.obj
c:\users\mike\documents\visual studio 2013\projects\barkley\bin\release\intermediates\ftxf86.obj
c:\users\mike\documents\visual studio 2013\projects\barkley\bin\release\intermediates\ftwinfnt.obj
c:\users\mike\documents\visual studio 2013\projects\barkley\bin\release\intermediates\fttype1.obj
c:\users\mike\documents\visual studio 2013\projects\barkley\bin\release\intermediates\ftsystem.obj
c:\users\mike\documents\visual studio 2013\projects\barkley\bin\release\intermediates\ftsynth.obj
c:\users\mike\documents\visual studio 2013\projects\barkley\bin\release\intermediates\winfnt.obj
c:\users\mike\documents\visual studio 2013\projects\barkley\bin\release\intermediates\type42.obj
c:\users\mike\documents\visual studio 2013\projects\barkley\bin\release\intermediates\type1.obj
c:\users\mike\documents\visual studio 2013\projects\barkley\bin\release\intermediates\label.obj
c:\users\mike\documents\visual studio 2013\projects\barkley\bin\release\barkley-core.exe
c:\users\mike\documents\visual studio 2013\projects\barkley\bin\release\barkley-core.pdb
c:\users\mike\documents\visual studio 2013\projects\barkley\bin\release\intermediates\barkley-core.tlog\cl.command.1.tlog
c:\users\mike\documents\visual studio 2013\projects\barkley\bin\release\intermediates\barkley-core.tlog\cl.read.1.tlog
c:\users\mike\documents\visual studio 2013\projects\barkley\bin\release\intermediates\barkley-core.tlog\cl.write.1.tlog
c:\users\mike\documents\visual studio 2013\projects\barkley\bin\release\intermediates\barkley-core.tlog\link.command.1.tlog
c:\users\mike\documents\visual studio 2013\projects\barkley\bin\release\intermediates\barkley-core.tlog\link.read.1.tlog
c:\users\mike\documents\visual studio 2013\projects\barkley\bin\release\intermediates\barkley-core.tlog\link.read.2.tlog
c:\users\mike\documents\visual studio 2013\projects\barkley\bin\release\intermediates\barkley-core.tlog\link.read.3.tlog
c:\users\mike\documents\visual studio 2013\projects\barkley\bin\release\intermediates\barkley-core.tlog\link.read.5.tlog
c:\users\mike\documents\visual studio 2013\projects\barkley\bin\release\intermediates\barkley-core.tlog\link.write.1.tlog
