c:\users\mike\documents\visual studio 2013\projects\barkley\bin\debug\intermediates\vc120.pdb
c:\users\mike\documents\visual studio 2013\projects\barkley\bin\debug\intermediates\vc120.idb
c:\users\mike\documents\visual studio 2013\projects\barkley\bin\debug\intermediates\sandbox.obj
c:\users\mike\documents\visual studio 2013\projects\barkley\bin\debug\intermediates\autofit.obj
c:\users\mike\documents\visual studio 2013\projects\barkley\bin\debug\intermediates\batchrenderer2d.obj
c:\users\mike\documents\visual studio 2013\projects\barkley\bin\debug\intermediates\bdf.obj
c:\users\mike\documents\visual studio 2013\projects\barkley\bin\debug\intermediates\buffer.obj
c:\users\mike\documents\visual studio 2013\projects\barkley\bin\debug\intermediates\cff.obj
c:\users\mike\documents\visual studio 2013\projects\barkley\bin\debug\intermediates\embedded.obj
c:\users\mike\documents\visual studio 2013\projects\barkley\bin\debug\intermediates\font.obj
c:\users\mike\documents\visual studio 2013\projects\barkley\bin\debug\intermediates\font_manager.obj
c:\users\mike\documents\visual studio 2013\projects\barkley\bin\debug\intermediates\framebuffer.obj
c:\users\mike\documents\visual studio 2013\projects\barkley\bin\debug\intermediates\ftbase.obj
c:\users\mike\documents\visual studio 2013\projects\barkley\bin\debug\intermediates\ftbbox.obj
c:\users\mike\documents\visual studio 2013\projects\barkley\bin\debug\intermediates\ftbitmap.obj
c:\users\mike\documents\visual studio 2013\projects\barkley\bin\debug\intermediates\ftcache.obj
c:\users\mike\documents\visual studio 2013\projects\barkley\bin\debug\intermediates\ftdebug.obj
c:\users\mike\documents\visual studio 2013\projects\barkley\bin\debug\intermediates\ftfstype.obj
c:\users\mike\documents\visual studio 2013\projects\barkley\bin\debug\intermediates\ftgasp.obj
c:\users\mike\documents\visual studio 2013\projects\barkley\bin\debug\intermediates\ftglyph.obj
c:\users\mike\documents\visual studio 2013\projects\barkley\bin\debug\intermediates\ftgxval.obj
c:\users\mike\documents\visual studio 2013\projects\barkley\bin\debug\intermediates\ftgzip.obj
c:\users\mike\documents\visual studio 2013\projects\barkley\bin\debug\intermediates\ftinit.obj
c:\users\mike\documents\visual studio 2013\projects\barkley\bin\debug\intermediates\ftlcdfil.obj
c:\users\mike\documents\visual studio 2013\projects\barkley\bin\debug\intermediates\ftlzw.obj
c:\users\mike\documents\visual studio 2013\projects\barkley\bin\debug\intermediates\ftmm.obj
c:\users\mike\documents\visual studio 2013\projects\barkley\bin\debug\intermediates\ftotval.obj
c:\users\mike\documents\visual studio 2013\projects\barkley\bin\debug\intermediates\ftpatent.obj
c:\users\mike\documents\visual studio 2013\projects\barkley\bin\debug\intermediates\ftpfr.obj
c:\users\mike\documents\visual studio 2013\projects\barkley\bin\debug\intermediates\ftstroke.obj
c:\users\mike\documents\visual studio 2013\projects\barkley\bin\debug\intermediates\ftsynth.obj
c:\users\mike\documents\visual studio 2013\projects\barkley\bin\debug\intermediates\ftsystem.obj
c:\users\mike\documents\visual studio 2013\projects\barkley\bin\debug\intermediates\fttype1.obj
c:\users\mike\documents\visual studio 2013\projects\barkley\bin\debug\intermediates\ftwinfnt.obj
c:\users\mike\documents\visual studio 2013\projects\barkley\bin\debug\intermediates\ftxf86.obj
c:\users\mike\documents\visual studio 2013\projects\barkley\bin\debug\intermediates\ga.obj
c:\users\mike\documents\visual studio 2013\projects\barkley\bin\debug\intermediates\gau.obj
c:\users\mike\documents\visual studio 2013\projects\barkley\bin\debug\intermediates\ga_openal.obj
c:\users\mike\documents\visual studio 2013\projects\barkley\bin\debug\intermediates\ga_stream.obj
c:\users\mike\documents\visual studio 2013\projects\barkley\bin\debug\intermediates\gc_common.obj
c:\users\mike\documents\visual studio 2013\projects\barkley\bin\debug\intermediates\gc_thread.obj
c:\users\mike\documents\visual studio 2013\projects\barkley\bin\debug\intermediates\group.obj
c:\users\mike\documents\visual studio 2013\projects\barkley\bin\debug\intermediates\indexbuffer.obj
c:\users\mike\documents\visual studio 2013\projects\barkley\bin\debug\intermediates\label.obj
c:\users\mike\documents\visual studio 2013\projects\barkley\bin\debug\intermediates\layer.obj
c:\users\mike\documents\visual studio 2013\projects\barkley\bin\debug\intermediates\main.obj
c:\users\mike\documents\visual studio 2013\projects\barkley\bin\debug\intermediates\mask.obj
c:\users\mike\documents\visual studio 2013\projects\barkley\bin\debug\intermediates\mat4.obj
c:\users\mike\documents\visual studio 2013\projects\barkley\bin\debug\intermediates\meshfactory.obj
c:\users\mike\documents\visual studio 2013\projects\barkley\bin\debug\intermediates\pcf.obj
c:\users\mike\documents\visual studio 2013\projects\barkley\bin\debug\intermediates\pfr.obj
c:\users\mike\documents\visual studio 2013\projects\barkley\bin\debug\intermediates\platform.obj
c:\users\mike\documents\visual studio 2013\projects\barkley\bin\debug\intermediates\psaux.obj
c:\users\mike\documents\visual studio 2013\projects\barkley\bin\debug\intermediates\pshinter.obj
c:\users\mike\documents\visual studio 2013\projects\barkley\bin\debug\intermediates\psmodule.obj
c:\users\mike\documents\visual studio 2013\projects\barkley\bin\debug\intermediates\raster.obj
c:\users\mike\documents\visual studio 2013\projects\barkley\bin\debug\intermediates\sfnt.obj
c:\users\mike\documents\visual studio 2013\projects\barkley\bin\debug\intermediates\shader.obj
c:\users\mike\documents\visual studio 2013\projects\barkley\bin\debug\intermediates\shaderfactory.obj
c:\users\mike\documents\visual studio 2013\projects\barkley\bin\debug\intermediates\simple2drenderer.obj
c:\users\mike\documents\visual studio 2013\projects\barkley\bin\debug\intermediates\smooth.obj
c:\users\mike\documents\visual studio 2013\projects\barkley\bin\debug\intermediates\sound.obj
c:\users\mike\documents\visual studio 2013\projects\barkley\bin\debug\intermediates\sound_manager.obj
c:\users\mike\documents\visual studio 2013\projects\barkley\bin\debug\intermediates\sprite.obj
c:\users\mike\documents\visual studio 2013\projects\barkley\bin\debug\intermediates\static_sprite.obj
c:\users\mike\documents\visual studio 2013\projects\barkley\bin\debug\intermediates\texture-atlas.obj
c:\users\mike\documents\visual studio 2013\projects\barkley\bin\debug\intermediates\texture-font.obj
c:\users\mike\documents\visual studio 2013\projects\barkley\bin\debug\intermediates\truetype.obj
c:\users\mike\documents\visual studio 2013\projects\barkley\bin\debug\intermediates\type1.obj
c:\users\mike\documents\visual studio 2013\projects\barkley\bin\debug\intermediates\type1cid.obj
c:\users\mike\documents\visual studio 2013\projects\barkley\bin\debug\intermediates\type42.obj
c:\users\mike\documents\visual studio 2013\projects\barkley\bin\debug\intermediates\vec2.obj
c:\users\mike\documents\visual studio 2013\projects\barkley\bin\debug\intermediates\vec3.obj
c:\users\mike\documents\visual studio 2013\projects\barkley\bin\debug\intermediates\vec4.obj
c:\users\mike\documents\visual studio 2013\projects\barkley\bin\debug\intermediates\vector.obj
c:\users\mike\documents\visual studio 2013\projects\barkley\bin\debug\intermediates\vertexarray.obj
c:\users\mike\documents\visual studio 2013\projects\barkley\bin\debug\intermediates\window.obj
c:\users\mike\documents\visual studio 2013\projects\barkley\bin\debug\intermediates\winfnt.obj
c:\users\mike\documents\visual studio 2013\projects\barkley\bin\debug\sandbox.pdb
c:\users\mike\documents\visual studio 2013\projects\barkley\bin\debug\intermediates\sandbox.tlog\cl.command.1.tlog
c:\users\mike\documents\visual studio 2013\projects\barkley\bin\debug\intermediates\sandbox.tlog\cl.read.1.tlog
c:\users\mike\documents\visual studio 2013\projects\barkley\bin\debug\intermediates\sandbox.tlog\cl.write.1.tlog
c:\users\mike\documents\visual studio 2013\projects\barkley\bin\debug\intermediates\sandbox.tlog\link.4396.read.1.tlog
c:\users\mike\documents\visual studio 2013\projects\barkley\bin\debug\intermediates\sandbox.tlog\link.4396.write.1.tlog
c:\users\mike\documents\visual studio 2013\projects\barkley\bin\debug\intermediates\sandbox.tlog\link.5500.read.1.tlog
c:\users\mike\documents\visual studio 2013\projects\barkley\bin\debug\intermediates\sandbox.tlog\link.5500.write.1.tlog
c:\users\mike\documents\visual studio 2013\projects\barkley\bin\debug\intermediates\sandbox.tlog\link.6016.read.1.tlog
c:\users\mike\documents\visual studio 2013\projects\barkley\bin\debug\intermediates\sandbox.tlog\link.6016.write.1.tlog
c:\users\mike\documents\visual studio 2013\projects\barkley\bin\debug\intermediates\sandbox.tlog\link.command.1.tlog
c:\users\mike\documents\visual studio 2013\projects\barkley\bin\debug\intermediates\sandbox.tlog\link.read.1.tlog
c:\users\mike\documents\visual studio 2013\projects\barkley\bin\debug\intermediates\sandbox.tlog\link.write.1.tlog
