Build started 8/19/2015 11:03:53 AM.
     1>Project "C:\Users\Mike\Documents\Visual Studio 2013\Projects\Barkley\SandBox\SandBox.vcxproj" on node 2 (Build target(s)).
     1>ClCompile:
         C:\Program Files (x86)\Microsoft Visual Studio 12.0\VC\bin\CL.exe /c /I"C:\Users\Mike\documents\visual studio 2013\Projects\Barkley\\Barkley-core\src" /ZI /nologo /W3 /WX- /sdl /Od /Oy- /D _CRT_SECURE_NO_WARNINGS /D _MBCS /Gm /EHsc /RTC1 /MDd /GS /fp:precise /Zc:wchar_t /Zc:forScope /Fo"Debug\\" /Fd"Debug\vc120.pdb" /Gd /TP /analyze- /errorReport:prompt src\game.cpp
         game.cpp
     1>c:\users\mike\documents\visual studio 2013\projects\barkley\barkley-core\src\maths\maths_func.h(11): warning C4244: 'return' : conversion from 'double' to 'float', possible loss of data
     1>c:\users\mike\documents\visual studio 2013\projects\barkley\barkley-core\src\maths\maths_func.h(16): warning C4244: 'return' : conversion from 'double' to 'float', possible loss of data
     1>c:\users\mike\documents\visual studio 2013\projects\barkley\barkley-core\src\graphics\renderable2d.h(52): warning C4244: 'initializing' : conversion from 'const float' to 'int', possible loss of data
     1>c:\users\mike\documents\visual studio 2013\projects\barkley\barkley-core\src\graphics\renderable2d.h(53): warning C4244: 'initializing' : conversion from 'const float' to 'int', possible loss of data
     1>c:\users\mike\documents\visual studio 2013\projects\barkley\barkley-core\src\graphics\renderable2d.h(54): warning C4244: 'initializing' : conversion from 'const float' to 'int', possible loss of data
     1>c:\users\mike\documents\visual studio 2013\projects\barkley\barkley-core\src\graphics\renderable2d.h(55): warning C4244: 'initializing' : conversion from 'const float' to 'int', possible loss of data
       Link:
         C:\Program Files (x86)\Microsoft Visual Studio 12.0\VC\bin\link.exe /ERRORREPORT:PROMPT /OUT:"C:\Users\Mike\documents\visual studio 2013\Projects\Barkley\Debug\SandBox.exe" /INCREMENTAL /NOLOGO glfw3.lib glew32s.lib opengl32.lib FreeImage.lib OpenAL32.lib liborbis.lib kernel32.lib user32.lib gdi32.lib winspool.lib comdlg32.lib advapi32.lib shell32.lib ole32.lib oleaut32.lib uuid.lib odbc32.lib odbccp32.lib libogg.lib /MANIFEST /MANIFESTUAC:"level='asInvoker' uiAccess='false'" /manifest:embed /DEBUG /PDB:"C:\Users\Mike\documents\visual studio 2013\Projects\Barkley\Debug\SandBox.pdb" /TLBID:1 /DYNAMICBASE /NXCOMPAT /IMPLIB:"C:\Users\Mike\documents\visual studio 2013\Projects\Barkley\Debug\SandBox.lib" /MACHINE:X86 Debug\game.obj
         "C:\Users\Mike\documents\visual studio 2013\Projects\Barkley\bin\Debug\Barkley-core.lib"
         liborbis.lib(vorbisfile.obj) : MSIL .netmodule or module compiled with /GL found; restarting link with /LTCG; add /LTCG to the link command line to improve linker performance
     1>LINK : warning LNK4075: ignoring '/INCREMENTAL' due to '/LTCG' specification
     1>game.obj : warning LNK4075: ignoring '/EDITANDCONTINUE' due to '/OPT:LBR' specification
     1>MSVCRTD.lib(cinitexe.obj) : warning LNK4098: defaultlib 'libcmt.lib' conflicts with use of other libs; use /NODEFAULTLIB:library
     1>MSVCRTD.lib(cinitexe.obj) : warning LNK4098: defaultlib 'msvcrt.lib' conflicts with use of other libs; use /NODEFAULTLIB:library
         Generating code
         Finished generating code
     1>glew32s.lib(glew.obj) : warning LNK4099: PDB 'vc120.pdb' was not found with 'glew32s.lib(glew.obj)' or at 'C:\Users\Mike\documents\visual studio 2013\Projects\Barkley\Debug\vc120.pdb'; linking object as if no debug info
         SandBox.vcxproj -> C:\Users\Mike\documents\visual studio 2013\Projects\Barkley\Debug\SandBox.exe
     1>Done Building Project "C:\Users\Mike\Documents\Visual Studio 2013\Projects\Barkley\SandBox\SandBox.vcxproj" (Build target(s)).

Build succeeded.

Time Elapsed 00:00:04.43
